SF:lib/core/models/transaction_history_models.dart
DA:116,1
DA:118,0
DA:119,0
DA:120,0
DA:137,3
DA:150,1
DA:151,1
DA:152,2
DA:155,1
DA:167,1
DA:168,0
DA:169,0
DA:170,1
DA:171,1
DA:172,1
DA:173,1
DA:174,1
DA:175,1
DA:176,1
DA:177,1
DA:190,1
DA:197,0
DA:198,0
DA:199,0
DA:212,2
DA:221,0
DA:222,0
DA:223,0
DA:238,2
DA:249,0
DA:250,0
DA:251,0
LF:32
LH:18
end_of_record
SF:lib/core/services/transaction_history_service.dart
DA:15,0
DA:23,0
DA:27,0
DA:28,0
DA:30,0
DA:36,0
DA:42,0
DA:44,0
DA:46,0
DA:50,0
DA:52,0
DA:56,0
DA:58,0
DA:65,0
DA:68,0
DA:74,0
DA:76,0
DA:82,0
DA:84,0
DA:90,0
DA:91,0
DA:94,0
DA:96,0
DA:97,0
DA:99,0
DA:100,0
DA:102,0
DA:103,0
DA:105,0
DA:106,0
DA:110,0
DA:112,0
DA:113,0
DA:116,0
DA:117,0
DA:120,0
DA:121,0
DA:123,0
DA:126,0
DA:133,0
DA:134,0
DA:137,0
DA:139,0
DA:144,0
DA:147,0
DA:150,0
DA:156,0
DA:158,0
DA:163,0
DA:169,0
DA:170,0
DA:173,0
DA:174,0
DA:175,0
DA:177,0
DA:178,0
DA:179,0
DA:180,0
DA:181,0
DA:182,0
DA:183,0
DA:184,0
DA:189,0
DA:191,0
DA:192,0
DA:197,0
DA:201,0
DA:202,0
DA:207,0
DA:208,0
DA:210,0
DA:215,0
DA:217,0
DA:219,0
DA:224,0
DA:228,0
DA:232,0
DA:233,0
DA:234,0
DA:236,0
DA:237,0
DA:242,0
DA:246,0
DA:249,0
DA:250,0
DA:252,0
DA:254,0
DA:257,0
DA:258,0
DA:263,0
DA:269,0
DA:271,0
DA:274,0
DA:277,0
DA:279,0
DA:281,0
DA:284,0
DA:285,0
DA:286,0
DA:288,0
DA:289,0
DA:293,0
DA:295,0
DA:296,0
DA:301,0
DA:309,0
DA:315,0
DA:322,0
DA:328,0
DA:329,0
DA:334,1
DA:335,1
DA:336,1
DA:345,1
DA:354,1
DA:363,1
LF:116
LH:6
end_of_record
SF:lib/core/services/mock_data_service.dart
DA:6,3
DA:9,1
DA:14,1
DA:15,1
DA:18,1
DA:28,1
DA:29,1
DA:31,2
DA:32,4
DA:34,4
DA:35,4
DA:37,4
DA:38,2
DA:41,1
DA:43,1
DA:44,2
DA:45,2
DA:46,1
DA:47,1
DA:48,1
DA:49,1
DA:50,2
DA:53,2
DA:56,2
DA:57,2
DA:58,2
DA:59,2
DA:60,4
DA:61,4
DA:62,2
DA:63,3
DA:64,3
DA:65,4
DA:66,4
DA:68,1
DA:75,1
DA:76,1
DA:78,1
DA:80,4
DA:81,1
DA:83,4
DA:84,1
DA:86,4
DA:87,1
DA:89,1
DA:90,1
DA:94,2
DA:96,2
DA:97,3
DA:100,3
DA:101,4
DA:104,2
DA:105,3
DA:107,3
DA:110,1
DA:117,1
DA:118,1
DA:123,1
DA:125,1
DA:126,2
DA:127,5
DA:129,1
DA:133,1
DA:135,1
DA:136,5
DA:137,1
DA:138,5
DA:139,1
DA:140,5
DA:141,1
DA:142,5
DA:143,1
DA:145,1
DA:146,5
DA:147,1
DA:148,5
DA:149,1
DA:150,5
DA:155,1
DA:156,5
DA:160,1
DA:161,4
DA:165,1
DA:168,1
DA:174,2
DA:177,3
DA:178,2
DA:179,1
DA:180,1
DA:187,1
DA:188,1
DA:189,1
DA:191,1
DA:193,1
DA:195,1
DA:203,1
DA:204,1
DA:205,1
DA:206,1
DA:207,1
DA:208,1
DA:209,1
DA:210,1
DA:211,1
DA:212,1
DA:214,0
LF:106
LH:105
end_of_record
SF:lib/core/constants/rpc_config.dart
DA:260,0
DA:261,0
DA:265,0
DA:266,0
DA:270,0
DA:271,0
DA:272,0
DA:275,0
DA:276,0
DA:277,0
DA:284,0
DA:285,0
DA:287,0
DA:294,0
DA:295,0
DA:309,1
DA:320,0
DA:329,0
DA:330,0
DA:331,0
DA:332,0
DA:333,0
DA:334,0
DA:335,0
DA:336,0
DA:340,0
DA:342,0
DA:345,0
DA:348,0
DA:351,0
DA:352,0
LF:31
LH:1
end_of_record
SF:lib/core/models/transfer_models.dart
DA:77,0
DA:79,0
DA:80,0
DA:81,0
DA:127,0
DA:129,0
DA:130,0
DA:131,0
DA:144,0
DA:153,0
DA:154,0
DA:155,0
DA:168,0
DA:177,0
DA:178,0
DA:179,0
DA:192,0
DA:201,0
DA:202,0
DA:203,0
DA:219,0
DA:231,0
DA:232,0
DA:233,0
DA:244,0
DA:251,0
DA:252,0
DA:253,0
DA:262,0
DA:268,0
DA:270,0
LF:31
LH:0
end_of_record
SF:lib/core/models/wallet_models.dart
DA:25,0
DA:27,0
DA:37,0
DA:38,0
DA:39,0
DA:57,0
DA:59,0
DA:64,0
DA:65,0
DA:66,0
DA:67,0
DA:81,0
DA:90,0
DA:91,0
DA:93,0
DA:106,0
DA:115,0
DA:116,0
DA:118,0
DA:130,0
DA:138,0
DA:139,0
DA:141,0
DA:152,0
DA:159,0
DA:160,0
DA:162,0
DA:172,0
DA:178,0
DA:179,0
DA:181,0
DA:204,2
DA:210,0
DA:212,0
LF:34
LH:1
end_of_record
SF:lib/core/services/database_service.dart
DA:12,0
DA:15,0
DA:16,0
DA:22,0
DA:26,0
DA:38,0
DA:39,0
DA:46,0
DA:47,0
DA:48,0
DA:53,0
DA:54,0
DA:58,0
DA:59,0
DA:63,0
DA:66,0
DA:67,0
DA:68,0
DA:69,0
DA:73,0
DA:74,0
DA:78,0
DA:79,0
DA:80,0
DA:85,0
DA:86,0
DA:87,0
DA:92,0
DA:93,0
DA:95,0
DA:96,0
DA:97,0
DA:98,0
DA:102,0
DA:103,0
DA:104,0
DA:105,0
DA:108,0
DA:109,0
DA:110,0
DA:116,0
DA:117,0
DA:121,0
DA:124,0
DA:125,0
DA:126,0
DA:127,0
DA:131,0
DA:134,0
DA:135,0
DA:136,0
DA:137,0
DA:143,0
DA:144,0
DA:145,0
DA:150,0
DA:151,0
DA:155,0
DA:156,0
DA:160,0
DA:161,0
DA:165,0
DA:168,0
DA:169,0
DA:174,0
DA:175,0
DA:176,0
DA:181,0
DA:185,0
DA:186,0
DA:188,0
DA:189,0
DA:190,0
DA:198,0
DA:199,0
DA:200,0
DA:201,0
DA:202,0
DA:203,0
DA:204,0
DA:205,0
DA:206,0
DA:207,0
DA:208,0
DA:209,0
DA:210,0
DA:211,0
DA:212,0
DA:214,0
DA:224,0
DA:225,0
DA:226,0
DA:227,0
DA:232,0
DA:233,0
DA:234,0
DA:236,0
DA:238,0
DA:239,0
DA:240,0
DA:241,0
DA:242,0
DA:243,0
DA:244,0
DA:245,0
DA:246,0
DA:247,0
DA:248,0
DA:249,0
DA:250,0
DA:253,0
DA:255,0
DA:256,0
DA:257,0
DA:258,0
DA:259,0
DA:260,0
DA:261,0
DA:262,0
DA:263,0
DA:266,0
DA:267,0
DA:272,0
DA:273,0
DA:275,0
DA:276,0
DA:277,0
DA:278,0
DA:280,0
DA:281,0
DA:282,0
DA:283,0
DA:286,0
DA:289,0
DA:290,0
DA:291,0
DA:292,0
DA:302,0
DA:303,0
DA:304,0
DA:309,0
DA:312,0
DA:313,0
DA:314,0
DA:315,0
DA:319,0
DA:325,0
DA:326,0
DA:327,0
DA:328,0
DA:329,0
DA:330,0
DA:331,0
DA:332,0
DA:333,0
DA:334,0
DA:336,0
DA:337,0
DA:338,0
DA:339,0
DA:340,0
DA:341,0
DA:342,0
DA:343,0
DA:345,0
DA:346,0
DA:347,0
DA:348,0
DA:349,0
DA:350,0
DA:352,0
DA:353,0
DA:354,0
DA:355,0
DA:356,0
DA:361,0
DA:362,0
DA:363,0
DA:368,0
DA:369,0
DA:370,0
DA:377,0
DA:378,0
DA:379,0
DA:384,0
DA:387,0
DA:388,0
DA:389,0
DA:390,0
DA:394,0
DA:400,0
DA:401,0
DA:402,0
DA:403,0
DA:404,0
DA:405,0
DA:406,0
DA:407,0
DA:408,0
DA:409,0
DA:411,0
DA:412,0
DA:413,0
DA:414,0
DA:415,0
DA:416,0
DA:417,0
DA:418,0
DA:420,0
DA:421,0
DA:422,0
DA:423,0
DA:424,0
DA:425,0
DA:427,0
DA:428,0
DA:429,0
DA:430,0
DA:431,0
DA:436,0
DA:437,0
DA:438,0
DA:443,0
DA:444,0
DA:445,0
DA:450,0
DA:455,0
DA:461,0
DA:468,0
DA:469,0
DA:470,0
DA:471,0
DA:472,0
DA:473,0
DA:474,0
DA:475,0
DA:476,0
DA:479,0
DA:483,0
DA:484,0
DA:485,0
DA:487,0
DA:488,0
DA:489,0
DA:490,0
DA:492,0
DA:493,0
DA:494,0
DA:495,0
DA:497,0
DA:502,0
DA:503,0
DA:510,0
DA:511,0
DA:512,0
DA:517,0
DA:520,0
DA:522,0
DA:529,0
DA:542,0
DA:543,0
DA:544,0
DA:545,0
DA:552,0
DA:553,0
DA:558,0
DA:559,0
DA:564,0
DA:565,0
DA:570,0
DA:571,0
DA:576,0
DA:577,0
DA:582,0
DA:583,0
DA:588,0
DA:589,0
DA:594,0
DA:596,0
DA:598,0
DA:599,0
DA:605,0
DA:606,0
DA:607,0
DA:612,0
DA:613,0
DA:614,0
DA:619,0
DA:620,0
DA:621,0
DA:622,0
DA:623,0
DA:624,0
DA:625,0
DA:626,0
DA:631,0
DA:638,0
LF:297
LH:0
end_of_record
SF:lib/core/services/rpc_node_service.dart
DA:11,0
DA:12,0
DA:15,0
DA:16,0
DA:17,0
DA:21,0
DA:22,0
DA:26,0
DA:27,0
DA:28,0
DA:31,0
DA:35,0
DA:36,0
DA:40,0
DA:41,0
DA:42,0
DA:46,0
DA:47,0
DA:51,0
DA:52,0
DA:56,0
DA:57,0
DA:60,0
DA:61,0
DA:63,0
DA:67,0
DA:68,0
DA:72,0
DA:74,0
DA:76,0
DA:78,0
DA:82,0
DA:85,0
DA:88,0
DA:90,0
DA:91,0
DA:92,0
DA:99,0
DA:100,0
DA:102,0
DA:104,0
DA:105,0
DA:107,0
DA:108,0
DA:112,0
DA:114,0
DA:115,0
DA:120,0
DA:123,0
DA:124,0
DA:130,0
DA:131,0
DA:132,0
DA:134,0
DA:135,0
DA:136,0
DA:137,0
DA:138,0
DA:139,0
DA:141,0
DA:148,0
DA:149,0
DA:150,0
DA:155,0
DA:157,0
DA:160,0
DA:162,0
DA:163,0
DA:165,0
DA:166,0
DA:167,0
DA:169,0
DA:177,0
DA:178,0
DA:179,0
DA:184,0
DA:185,0
DA:186,0
DA:187,0
DA:188,0
DA:189,0
DA:197,0
DA:199,0
DA:204,0
DA:206,0
DA:207,0
DA:208,0
DA:210,0
DA:211,0
DA:212,0
DA:213,0
DA:214,0
DA:215,0
DA:216,0
DA:217,0
DA:218,0
DA:222,0
DA:226,0
DA:229,0
DA:230,0
DA:235,0
DA:237,0
DA:239,0
DA:240,0
DA:241,0
DA:243,0
DA:244,0
DA:245,0
DA:246,0
DA:247,0
DA:248,0
DA:249,0
DA:250,0
DA:254,0
DA:256,0
DA:259,0
DA:264,0
DA:265,0
DA:266,0
DA:268,0
DA:279,0
DA:286,0
DA:288,0
LF:123
LH:0
end_of_record
SF:lib/core/services/secure_storage_service.dart
DA:22,0
DA:23,0
DA:26,0
DA:27,0
DA:30,0
DA:31,0
DA:36,0
DA:37,0
DA:38,0
DA:39,0
DA:43,0
DA:44,0
DA:45,0
DA:52,0
DA:56,0
DA:57,0
DA:58,0
DA:65,0
DA:69,0
DA:71,0
DA:72,0
DA:73,0
DA:74,0
DA:75,0
DA:77,0
DA:80,0
DA:86,0
DA:88,0
DA:89,0
DA:90,0
DA:91,0
DA:92,0
DA:94,0
DA:97,0
DA:103,0
DA:105,0
DA:106,0
DA:108,0
DA:111,0
DA:117,0
DA:119,0
DA:126,0
DA:128,0
DA:129,0
DA:132,0
DA:138,0
DA:140,0
DA:141,0
DA:142,0
DA:146,0
DA:149,0
DA:155,0
DA:157,0
DA:158,0
DA:166,0
DA:168,0
DA:169,0
DA:172,0
DA:178,0
DA:179,0
DA:183,0
DA:184,0
DA:188,0
DA:189,0
DA:193,0
DA:194,0
DA:198,0
DA:199,0
DA:200,0
DA:201,0
DA:202,0
DA:203,0
DA:204,0
DA:210,0
DA:211,0
DA:212,0
DA:213,0
DA:218,0
DA:219,0
DA:220,0
DA:221,0
DA:222,0
DA:223,0
DA:227,0
DA:228,0
DA:229,0
DA:230,0
DA:235,0
DA:236,0
DA:237,0
DA:238,0
LF:91
LH:0
end_of_record
